[ 2025-01-05 05:49:22,159 ] 1025 httpx - INFO - HTTP Request: GET https://dagshub.com/api/v1/user "HTTP/1.1 200 OK"
[ 2025-01-05 05:49:22,201 ] 107 dagshub - INFO - Accessing as vinyasnaidukarri
[ 2025-01-05 05:49:22,370 ] 1025 httpx - INFO - HTTP Request: GET https://dagshub.com/api/v1/repos/vinyasnaidukarri/Network_Security_System "HTTP/1.1 200 OK"
[ 2025-01-05 05:49:22,508 ] 1025 httpx - INFO - HTTP Request: GET https://dagshub.com/api/v1/user "HTTP/1.1 200 OK"
[ 2025-01-05 05:49:22,525 ] 107 dagshub - INFO - Initialized MLflow to track repo "vinyasnaidukarri/Network_Security_System"
[ 2025-01-05 05:49:22,529 ] 107 dagshub - INFO - Repository vinyasnaidukarri/Network_Security_System initialized!
[ 2025-01-05 05:49:22,533 ] 20 root - INFO - Initiate the data ingestion
[ 2025-01-05 05:49:27,828 ] 65 root - INFO - Performed train test split on the dataframe
[ 2025-01-05 05:49:27,828 ] 67 root - INFO - Exited split_data_as_train_test method of Data_Ingestion class
[ 2025-01-05 05:49:27,829 ] 75 root - INFO - Exporting train and test file path.
[ 2025-01-05 05:49:27,899 ] 84 root - INFO - Exported train and test file path.
[ 2025-01-05 05:49:27,900 ] 22 root - INFO - Data Initiation Completed
[ 2025-01-05 05:49:27,929 ] 26 root - INFO - Initiate the data Validation
[ 2025-01-05 05:49:28,089 ] 32 root - INFO - Required number of columns:2
[ 2025-01-05 05:49:28,089 ] 33 root - INFO - Data frame has columns:31
[ 2025-01-05 05:49:28,089 ] 32 root - INFO - Required number of columns:2
[ 2025-01-05 05:49:28,089 ] 33 root - INFO - Data frame has columns:31
[ 2025-01-05 05:49:28,360 ] 28 root - INFO - data Validation Completed
[ 2025-01-05 05:49:28,360 ] 31 root - INFO - data Transformation started
[ 2025-01-05 05:49:28,360 ] 63 root - INFO - Entered initiate_data_transformation method of DataTransformation class
[ 2025-01-05 05:49:28,360 ] 65 root - INFO - Starting data transformation
[ 2025-01-05 05:49:28,388 ] 48 root - INFO - Entered get_data_trnasformer_object method of Trnasformation class
[ 2025-01-05 05:49:28,388 ] 53 root - INFO - Initialise KNNImputer with {'missing_values': nan, 'n_neighbors': 3, 'weights': 'uniform'}
[ 2025-01-05 05:49:28,407 ] 46 root - INFO - Entered the save_object method of MainUtils class
[ 2025-01-05 05:49:28,412 ] 50 root - INFO - Exited the save_object method of MainUtils class
[ 2025-01-05 05:49:28,412 ] 46 root - INFO - Entered the save_object method of MainUtils class
[ 2025-01-05 05:49:28,415 ] 50 root - INFO - Exited the save_object method of MainUtils class
[ 2025-01-05 05:49:28,416 ] 35 root - INFO - data Transformation completed
[ 2025-01-05 05:49:28,417 ] 36 root - INFO - Model Training sstared
