[ 2025-01-05 06:10:54,933 ] 1025 httpx - INFO - HTTP Request: GET https://dagshub.com/api/v1/user "HTTP/1.1 200 OK"
[ 2025-01-05 06:10:54,978 ] 107 dagshub - INFO - Accessing as vinyasnaidukarri
[ 2025-01-05 06:10:55,143 ] 1025 httpx - INFO - HTTP Request: GET https://dagshub.com/api/v1/repos/vinyasnaidukarri/Network_Security_System "HTTP/1.1 200 OK"
[ 2025-01-05 06:10:55,254 ] 1025 httpx - INFO - HTTP Request: GET https://dagshub.com/api/v1/user "HTTP/1.1 200 OK"
[ 2025-01-05 06:10:55,257 ] 107 dagshub - INFO - Initialized MLflow to track repo "vinyasnaidukarri/Network_Security_System"
[ 2025-01-05 06:10:55,258 ] 107 dagshub - INFO - Repository vinyasnaidukarri/Network_Security_System initialized!
[ 2025-01-05 06:14:10,894 ] 42 root - INFO - Start data Ingestion
[ 2025-01-05 06:14:17,662 ] 65 root - INFO - Performed train test split on the dataframe
[ 2025-01-05 06:14:17,662 ] 67 root - INFO - Exited split_data_as_train_test method of Data_Ingestion class
[ 2025-01-05 06:14:17,663 ] 75 root - INFO - Exporting train and test file path.
[ 2025-01-05 06:14:17,772 ] 84 root - INFO - Exported train and test file path.
[ 2025-01-05 06:14:17,773 ] 45 root - INFO - Data Ingestion completed and artifact: DataIngestionArtifact(trained_file_path='Artifacts\\01_05_2025_06_10_34\\data_ingestion\\ingested\\train.csv', test_file_path='Artifacts\\01_05_2025_06_10_34\\data_ingestion\\ingested\\test.csv')
[ 2025-01-05 06:14:17,834 ] 55 root - INFO - Initiate the data Validation
[ 2025-01-05 06:14:18,004 ] 32 root - INFO - Required number of columns:2
[ 2025-01-05 06:14:18,005 ] 33 root - INFO - Data frame has columns:31
[ 2025-01-05 06:14:18,005 ] 32 root - INFO - Required number of columns:2
[ 2025-01-05 06:14:18,005 ] 33 root - INFO - Data frame has columns:31
[ 2025-01-05 06:14:18,387 ] 63 root - INFO - Entered initiate_data_transformation method of DataTransformation class
[ 2025-01-05 06:14:18,387 ] 65 root - INFO - Starting data transformation
[ 2025-01-05 06:14:18,449 ] 48 root - INFO - Entered get_data_trnasformer_object method of Trnasformation class
[ 2025-01-05 06:14:18,450 ] 53 root - INFO - Initialise KNNImputer with {'missing_values': nan, 'n_neighbors': 3, 'weights': 'uniform'}
[ 2025-01-05 06:14:18,497 ] 46 root - INFO - Entered the save_object method of MainUtils class
[ 2025-01-05 06:14:18,502 ] 50 root - INFO - Exited the save_object method of MainUtils class
[ 2025-01-05 06:14:18,503 ] 46 root - INFO - Entered the save_object method of MainUtils class
[ 2025-01-05 06:14:18,508 ] 50 root - INFO - Exited the save_object method of MainUtils class
[ 2025-01-05 06:20:59,374 ] 46 root - INFO - Entered the save_object method of MainUtils class
[ 2025-01-05 06:20:59,380 ] 50 root - INFO - Exited the save_object method of MainUtils class
[ 2025-01-05 06:20:59,380 ] 46 root - INFO - Entered the save_object method of MainUtils class
[ 2025-01-05 06:20:59,413 ] 50 root - INFO - Exited the save_object method of MainUtils class
[ 2025-01-05 06:20:59,413 ] 152 root - INFO - Model trainer artifact: ModelTrainerArtifact(trained_model_file_path='Artifacts\\01_05_2025_06_10_34\\model_trainer\\trained_model\\model.pkl', train_metric_artifact=ClassificationMetricArtifact(f1_score=0.9909873417721519, precision_score=0.9902853673345476, recall_score=0.9916903121199838), test_metric_artifact=ClassificationMetricArtifact(f1_score=0.970264765784114, precision_score=0.9667207792207793, recall_score=0.9738348323793949))
