[ 2025-01-05 05:57:15,592 ] 1025 httpx - INFO - HTTP Request: GET https://dagshub.com/api/v1/user "HTTP/1.1 200 OK"
[ 2025-01-05 05:57:15,609 ] 107 dagshub - INFO - Accessing as vinyasnaidukarri
[ 2025-01-05 05:57:15,730 ] 1025 httpx - INFO - HTTP Request: GET https://dagshub.com/api/v1/repos/vinyasnaidukarri/Network_Security_System "HTTP/1.1 200 OK"
[ 2025-01-05 05:57:15,838 ] 1025 httpx - INFO - HTTP Request: GET https://dagshub.com/api/v1/user "HTTP/1.1 200 OK"
[ 2025-01-05 05:57:15,846 ] 107 dagshub - INFO - Initialized MLflow to track repo "vinyasnaidukarri/Network_Security_System"
[ 2025-01-05 05:57:15,849 ] 107 dagshub - INFO - Repository vinyasnaidukarri/Network_Security_System initialized!
[ 2025-01-05 05:57:15,851 ] 20 root - INFO - Initiate the data ingestion
[ 2025-01-05 05:57:19,418 ] 65 root - INFO - Performed train test split on the dataframe
[ 2025-01-05 05:57:19,418 ] 67 root - INFO - Exited split_data_as_train_test method of Data_Ingestion class
[ 2025-01-05 05:57:19,418 ] 75 root - INFO - Exporting train and test file path.
[ 2025-01-05 05:57:19,514 ] 84 root - INFO - Exported train and test file path.
[ 2025-01-05 05:57:19,514 ] 22 root - INFO - Data Initiation Completed
[ 2025-01-05 05:57:19,523 ] 26 root - INFO - Initiate the data Validation
[ 2025-01-05 05:57:19,607 ] 32 root - INFO - Required number of columns:2
[ 2025-01-05 05:57:19,608 ] 33 root - INFO - Data frame has columns:31
[ 2025-01-05 05:57:19,608 ] 32 root - INFO - Required number of columns:2
[ 2025-01-05 05:57:19,608 ] 33 root - INFO - Data frame has columns:31
[ 2025-01-05 05:57:19,771 ] 28 root - INFO - data Validation Completed
[ 2025-01-05 05:57:19,771 ] 31 root - INFO - data Transformation started
[ 2025-01-05 05:57:19,772 ] 63 root - INFO - Entered initiate_data_transformation method of DataTransformation class
[ 2025-01-05 05:57:19,772 ] 65 root - INFO - Starting data transformation
[ 2025-01-05 05:57:19,798 ] 48 root - INFO - Entered get_data_trnasformer_object method of Trnasformation class
[ 2025-01-05 05:57:19,798 ] 53 root - INFO - Initialise KNNImputer with {'missing_values': nan, 'n_neighbors': 3, 'weights': 'uniform'}
[ 2025-01-05 05:57:19,813 ] 46 root - INFO - Entered the save_object method of MainUtils class
[ 2025-01-05 05:57:19,816 ] 50 root - INFO - Exited the save_object method of MainUtils class
[ 2025-01-05 05:57:19,816 ] 46 root - INFO - Entered the save_object method of MainUtils class
[ 2025-01-05 05:57:19,819 ] 50 root - INFO - Exited the save_object method of MainUtils class
[ 2025-01-05 05:57:19,820 ] 35 root - INFO - data Transformation completed
[ 2025-01-05 05:57:19,820 ] 36 root - INFO - Model Training sstared
[ 2025-01-05 06:01:20,981 ] 46 root - INFO - Entered the save_object method of MainUtils class
[ 2025-01-05 06:01:20,982 ] 50 root - INFO - Exited the save_object method of MainUtils class
[ 2025-01-05 06:01:20,983 ] 46 root - INFO - Entered the save_object method of MainUtils class
[ 2025-01-05 06:01:21,004 ] 50 root - INFO - Exited the save_object method of MainUtils class
[ 2025-01-05 06:01:21,004 ] 152 root - INFO - Model trainer artifact: ModelTrainerArtifact(trained_model_file_path='Artifacts\\01_05_2025_05_57_11\\model_trainer\\trained_model\\model.pkl', train_metric_artifact=ClassificationMetricArtifact(f1_score=0.991253051261188, precision_score=0.9884381338742394, recall_score=0.9940840473276213), test_metric_artifact=ClassificationMetricArtifact(f1_score=0.9737051792828685, precision_score=0.9737051792828685, recall_score=0.9737051792828685))
[ 2025-01-05 06:01:21,007 ] 40 root - INFO - Model Training artifact created
